#-----------------------------------------------------------
# Vivado v2016.2 (64-bit)
# SW Build 1577090 on Thu Jun  2 16:32:40 MDT 2016
# IP Build 1577682 on Fri Jun  3 12:00:54 MDT 2016
# Start of session at: Tue Apr 24 11:31:13 2018
# Process ID: 16332
# Current directory: C:/Pynq2/PYNQ-master/boards/Pynq-Z1/base
# Command line: vivado.exe -mode batch -source base.tcl
# Log file: C:/Pynq2/PYNQ-master/boards/Pynq-Z1/base/vivado.log
# Journal file: C:/Pynq2/PYNQ-master/boards/Pynq-Z1/base\vivado.jou
#-----------------------------------------------------------
source base.tcl
# namespace eval _tcl {
# proc get_script_folder {} {
#    set script_path [file normalize [info script]]
#    set script_folder [file dirname $script_path]
#    return $script_folder
# }
# }
# variable script_folder
# set script_folder [_tcl::get_script_folder]
# set scripts_vivado_version 2016.1
# set current_vivado_version [version -short]
# if { [string first $scripts_vivado_version $current_vivado_version] == -1 } {
#    puts ""
#    catch {common::send_msg_id "BD_TCL-109" "ERROR" "This script was generated using Vivado <$scripts_vivado_version> and is being run in <$current_vivado_version> of Vivado. Please run the script in Vivado <$scripts_vivado_version> then open the design in Vivado <$current_vivado_version>. Upgrade the design by running \"Tools => Report => Report IP Status...\", then run write_bd_tcl to create an updated script."}
# 
#    return 1
# }

ERROR: [BD_TCL-109] This script was generated using Vivado <2016.1> and is being run in <2016.2> of Vivado. Please run the script in Vivado <2016.1> then open the design in Vivado <2016.2>. Upgrade the design by running "Tools => Report => Report IP Status...", then run write_bd_tcl to create an updated script.
INFO: [Common 17-206] Exiting Vivado at Tue Apr 24 11:31:16 2018...
