Copyright 1986-2016 Xilinx, Inc. All Rights Reserved.
------------------------------------------------------------------------------------
| Tool Version : Vivado v.2016.2 (win64) Build 1577090 Thu Jun  2 16:32:40 MDT 2016
| Date         : Tue May 22 14:43:10 2018
| Host         : PieterBerteloot running 64-bit major release  (build 9200)
| Command      : upgrade_ip
| Device       : xc7z020clg400-1
------------------------------------------------------------------------------------

Upgrade Log for IP 'system_filter_0_0'

1. Summary
----------

SUCCESS in the upgrade of system_filter_0_0 (xilinx.com:hls:filter:1.0) from (Rev. 1805221058) to (Rev. 1805221440)






Copyright 1986-2016 Xilinx, Inc. All Rights Reserved.
------------------------------------------------------------------------------------
| Tool Version : Vivado v.2016.2 (win64) Build 1577090 Thu Jun  2 16:32:40 MDT 2016
| Date         : Tue May 22 11:00:51 2018
| Host         : PieterBerteloot running 64-bit major release  (build 9200)
| Command      : upgrade_ip
| Device       : xc7z020clg400-1
------------------------------------------------------------------------------------

Upgrade Log for IP 'system_filter_0_0'

1. Summary
----------

SUCCESS in the upgrade of system_filter_0_0 (xilinx.com:hls:filter:1.0) from (Rev. 1805220052) to (Rev. 1805221058)






Copyright 1986-2016 Xilinx, Inc. All Rights Reserved.
------------------------------------------------------------------------------------
| Tool Version : Vivado v.2016.2 (win64) Build 1577090 Thu Jun  2 16:32:40 MDT 2016
| Date         : Tue May 22 00:55:17 2018
| Host         : PieterBerteloot running 64-bit major release  (build 9200)
| Command      : upgrade_ip
| Device       : xc7z020clg400-1
------------------------------------------------------------------------------------

Upgrade Log for IP 'system_filter_0_0'

1. Summary
----------

SUCCESS in the upgrade of system_filter_0_0 (xilinx.com:hls:filter:1.0) from (Rev. 1805220014) to (Rev. 1805220052)






Copyright 1986-2016 Xilinx, Inc. All Rights Reserved.
------------------------------------------------------------------------------------
| Tool Version : Vivado v.2016.2 (win64) Build 1577090 Thu Jun  2 16:32:40 MDT 2016
| Date         : Tue May 22 00:16:49 2018
| Host         : PieterBerteloot running 64-bit major release  (build 9200)
| Command      : upgrade_ip
| Device       : xc7z020clg400-1
------------------------------------------------------------------------------------

Upgrade Log for IP 'system_filter_0_0'

1. Summary
----------

SUCCESS in the upgrade of system_filter_0_0 (xilinx.com:hls:filter:1.0) from (Rev. 1805212306) to (Rev. 1805220014)






Copyright 1986-2016 Xilinx, Inc. All Rights Reserved.
------------------------------------------------------------------------------------
| Tool Version : Vivado v.2016.2 (win64) Build 1577090 Thu Jun  2 16:32:40 MDT 2016
| Date         : Mon May 21 23:11:09 2018
| Host         : PieterBerteloot running 64-bit major release  (build 9200)
| Command      : upgrade_ip
| Device       : xc7z020clg400-1
------------------------------------------------------------------------------------

Upgrade Log for IP 'system_filter_0_0'

1. Summary
----------

SUCCESS in the upgrade of system_filter_0_0 (xilinx.com:hls:filter:1.0) from (Rev. 1805190039) to (Rev. 1805212306)






Copyright 1986-2016 Xilinx, Inc. All Rights Reserved.
------------------------------------------------------------------------------------
| Tool Version : Vivado v.2016.2 (win64) Build 1577090 Thu Jun  2 16:32:40 MDT 2016
| Date         : Mon May 21 16:23:20 2018
| Host         : PieterBerteloot running 64-bit major release  (build 9200)
| Command      : upgrade_ip
| Device       : xc7z020clg400-1
------------------------------------------------------------------------------------

Upgrade Log for IP 'system_add_function_0_1'

1. Summary
----------

SUCCESS in the upgrade of system_add_function_0_1 (xilinx.com:hls:add_function:1.0) from (Rev. 1805211524) to (Rev. 1805211620)






Copyright 1986-2016 Xilinx, Inc. All Rights Reserved.
------------------------------------------------------------------------------------
| Tool Version : Vivado v.2016.2 (win64) Build 1577090 Thu Jun  2 16:32:40 MDT 2016
| Date         : Mon May 21 15:27:39 2018
| Host         : PieterBerteloot running 64-bit major release  (build 9200)
| Command      : upgrade_ip
| Device       : xc7z020clg400-1
------------------------------------------------------------------------------------

Upgrade Log for IP 'system_add_function_0_0'

1. Summary
----------

CAUTION (success, with warnings) in the upgrade of system_add_function_0_0 (xilinx.com:hls:add_function:1.0) from (Rev. 1805211522) to (Rev. 1805211524)

After upgrade, an IP may have parameter and port differences compared to the original customization. Please review the parameters within the IP customization GUI to ensure proper functionality. Also, please review the updated IP instantiation template to ensure proper connectivity, and update your design if required.

2. Interface Information
------------------------

Detected external interface differences while upgrading 'system_add_function_0_0'.


-Upgrade has removed interface 's_axi_AXILiteS'


3. Connection Warnings
----------------------

Detected external port differences while upgrading 'system_add_function_0_0'. These changes may impact your design.


-Upgrade has removed port 's_axi_AXILiteS_ARADDR'

-Upgrade has removed port 's_axi_AXILiteS_ARREADY'

-Upgrade has removed port 's_axi_AXILiteS_ARVALID'

-Upgrade has removed port 's_axi_AXILiteS_AWADDR'

-Upgrade has removed port 's_axi_AXILiteS_AWREADY'

-Upgrade has removed port 's_axi_AXILiteS_AWVALID'

-Upgrade has removed port 's_axi_AXILiteS_BREADY'

-Upgrade has removed port 's_axi_AXILiteS_BRESP'

-Upgrade has removed port 's_axi_AXILiteS_BVALID'

-Upgrade has removed port 's_axi_AXILiteS_RDATA'

-Upgrade has removed port 's_axi_AXILiteS_RREADY'

-Upgrade has removed port 's_axi_AXILiteS_RRESP'

-Upgrade has removed port 's_axi_AXILiteS_RVALID'

-Upgrade has removed port 's_axi_AXILiteS_WDATA'

-Upgrade has removed port 's_axi_AXILiteS_WREADY'

-Upgrade has removed port 's_axi_AXILiteS_WSTRB'

-Upgrade has removed port 's_axi_AXILiteS_WVALID'







Copyright 1986-2016 Xilinx, Inc. All Rights Reserved.
------------------------------------------------------------------------------------
| Tool Version : Vivado v.2016.2 (win64) Build 1577090 Thu Jun  2 16:32:40 MDT 2016
| Date         : Mon May 21 15:23:20 2018
| Host         : PieterBerteloot running 64-bit major release  (build 9200)
| Command      : upgrade_ip
| Device       : xc7z020clg400-1
------------------------------------------------------------------------------------

Upgrade Log for IP 'system_add_function_0_0'

1. Summary
----------

CAUTION (success, with warnings) in the upgrade of system_add_function_0_0 (xilinx.com:hls:add_function:1.0) from (Rev. 1805211512) to (Rev. 1805211522)

After upgrade, an IP may have parameter and port differences compared to the original customization. Please review the parameters within the IP customization GUI to ensure proper functionality. Also, please review the updated IP instantiation template to ensure proper connectivity, and update your design if required.

2. Interface Information
------------------------

Detected external interface differences while upgrading 'system_add_function_0_0'.


-Upgrade has removed interface 'ap_ctrl'

-Upgrade has added interface 'interrupt' (xilinx.com:signal:interrupt:1.0)

-Upgrade has added interface 's_axi_AXILiteS' (xilinx.com:interface:aximm:1.0)


3. Connection Warnings
----------------------

Detected external port differences while upgrading 'system_add_function_0_0'. These changes may impact your design.


-Upgrade has removed port 'ap_done'

-Upgrade has removed port 'ap_idle'

-Upgrade has removed port 'ap_ready'

-Upgrade has removed port 'ap_start'

-Upgrade has added port 'interrupt'

-Upgrade has added port 's_axi_AXILiteS_ARADDR'

-Upgrade has added port 's_axi_AXILiteS_ARREADY'

-Upgrade has added port 's_axi_AXILiteS_ARVALID'

-Upgrade has added port 's_axi_AXILiteS_AWADDR'

-Upgrade has added port 's_axi_AXILiteS_AWREADY'

-Upgrade has added port 's_axi_AXILiteS_AWVALID'

-Upgrade has added port 's_axi_AXILiteS_BREADY'

-Upgrade has added port 's_axi_AXILiteS_BRESP'

-Upgrade has added port 's_axi_AXILiteS_BVALID'

-Upgrade has added port 's_axi_AXILiteS_RDATA'

-Upgrade has added port 's_axi_AXILiteS_RREADY'

-Upgrade has added port 's_axi_AXILiteS_RRESP'

-Upgrade has added port 's_axi_AXILiteS_RVALID'

-Upgrade has added port 's_axi_AXILiteS_WDATA'

-Upgrade has added port 's_axi_AXILiteS_WREADY'

-Upgrade has added port 's_axi_AXILiteS_WSTRB'

-Upgrade has added port 's_axi_AXILiteS_WVALID'







Copyright 1986-2016 Xilinx, Inc. All Rights Reserved.
------------------------------------------------------------------------------------
| Tool Version : Vivado v.2016.2 (win64) Build 1577090 Thu Jun  2 16:32:40 MDT 2016
| Date         : Sat May 19 08:49:23 2018
| Host         : PieterBerteloot running 64-bit major release  (build 9200)
| Command      : upgrade_ip
| Device       : xc7z020clg400-1
------------------------------------------------------------------------------------

Upgrade Log for IP 'system_filter_0_0'

1. Summary
----------

SUCCESS in the upgrade of system_filter_0_0 (xilinx.com:hls:filter:1.0) from (Rev. 1805182115) to (Rev. 1805190039)






Copyright 1986-2016 Xilinx, Inc. All Rights Reserved.
------------------------------------------------------------------------------------
| Tool Version : Vivado v.2016.2 (win64) Build 1577090 Thu Jun  2 16:32:40 MDT 2016
| Date         : Fri May 18 21:20:04 2018
| Host         : PieterBerteloot running 64-bit major release  (build 9200)
| Command      : upgrade_ip
| Device       : xc7z020clg400-1
------------------------------------------------------------------------------------

Upgrade Log for IP 'system_filter_0_0'

1. Summary
----------

SUCCESS in the upgrade of system_filter_0_0 (xilinx.com:hls:filter:1.0) from (Rev. 1805181216) to (Rev. 1805182115)






Copyright 1986-2016 Xilinx, Inc. All Rights Reserved.
------------------------------------------------------------------------------------
| Tool Version : Vivado v.2016.2 (win64) Build 1577090 Thu Jun  2 16:32:40 MDT 2016
| Date         : Fri May 18 13:32:30 2018
| Host         : PieterBerteloot running 64-bit major release  (build 9200)
| Command      : upgrade_ip
| Device       : xc7z020clg400-1
------------------------------------------------------------------------------------

Upgrade Log for IP 'system_filter_0_0'

1. Summary
----------

SUCCESS in the upgrade of system_filter_0_0 (xilinx.com:hls:filter:1.0) from (Rev. 1805180035) to (Rev. 1805181216)






Copyright 1986-2016 Xilinx, Inc. All Rights Reserved.
------------------------------------------------------------------------------------
| Tool Version : Vivado v.2016.2 (win64) Build 1577090 Thu Jun  2 16:32:40 MDT 2016
| Date         : Fri May 18 00:42:48 2018
| Host         : PieterBerteloot running 64-bit major release  (build 9200)
| Command      : upgrade_ip
| Device       : xc7z020clg400-1
------------------------------------------------------------------------------------

Upgrade Log for IP 'system_filter_0_0'

1. Summary
----------

CAUTION (success, with warnings) in the upgrade of system_filter_0_0 (xilinx.com:hls:filter:1.0) from (Rev. 1805172326) to (Rev. 1805180035)

After upgrade, an IP may have parameter and port differences compared to the original customization. Please review the parameters within the IP customization GUI to ensure proper functionality. Also, please review the updated IP instantiation template to ensure proper connectivity, and update your design if required.

2. Connection Warnings
----------------------

Detected external port differences while upgrading 'system_filter_0_0'. These changes may impact your design.


-Upgraded port 's_axi_AXILiteS_ARADDR' width 7 differs from original width 6

-Upgraded port 's_axi_AXILiteS_AWADDR' width 7 differs from original width 6







Copyright 1986-2016 Xilinx, Inc. All Rights Reserved.
------------------------------------------------------------------------------------
| Tool Version : Vivado v.2016.2 (win64) Build 1577090 Thu Jun  2 16:32:40 MDT 2016
| Date         : Thu May 17 23:33:34 2018
| Host         : PieterBerteloot running 64-bit major release  (build 9200)
| Command      : upgrade_ip
| Device       : xc7z020clg400-1
------------------------------------------------------------------------------------

Upgrade Log for IP 'system_filter_0_0'

1. Summary
----------

SUCCESS in the upgrade of system_filter_0_0 (xilinx.com:hls:filter:1.0) from (Rev. 1805161647) to (Rev. 1805172326)






Copyright 1986-2016 Xilinx, Inc. All Rights Reserved.
------------------------------------------------------------------------------------
| Tool Version : Vivado v.2016.2 (win64) Build 1577090 Thu Jun  2 16:32:40 MDT 2016
| Date         : Wed May 16 16:52:50 2018
| Host         : PieterBerteloot running 64-bit major release  (build 9200)
| Command      : upgrade_ip
| Device       : xc7z020clg400-1
------------------------------------------------------------------------------------

Upgrade Log for IP 'system_filter_0_0'

1. Summary
----------

CAUTION (success, with warnings) in the upgrade of system_filter_0_0 (xilinx.com:hls:filter:1.0) from (Rev. 1805161027) to (Rev. 1805161647)

After upgrade, an IP may have parameter and port differences compared to the original customization. Please review the parameters within the IP customization GUI to ensure proper functionality. Also, please review the updated IP instantiation template to ensure proper connectivity, and update your design if required.

2. Connection Warnings
----------------------

Detected external port differences while upgrading 'system_filter_0_0'. These changes may impact your design.


-Upgraded port 's_axi_AXILiteS_ARADDR' width 6 differs from original width 5

-Upgraded port 's_axi_AXILiteS_AWADDR' width 6 differs from original width 5







Copyright 1986-2016 Xilinx, Inc. All Rights Reserved.
------------------------------------------------------------------------------------
| Tool Version : Vivado v.2016.2 (win64) Build 1577090 Thu Jun  2 16:32:40 MDT 2016
| Date         : Wed May 16 10:29:31 2018
| Host         : PieterBerteloot running 64-bit major release  (build 9200)
| Command      : upgrade_ip
| Device       : xc7z020clg400-1
------------------------------------------------------------------------------------

Upgrade Log for IP 'system_filter_0_0'

1. Summary
----------

SUCCESS in the upgrade of system_filter_0_0 (xilinx.com:hls:filter:1.0) from (Rev. 1805152349) to (Rev. 1805161027)






Copyright 1986-2016 Xilinx, Inc. All Rights Reserved.
------------------------------------------------------------------------------------
| Tool Version : Vivado v.2016.2 (win64) Build 1577090 Thu Jun  2 16:32:40 MDT 2016
| Date         : Tue May 15 23:52:14 2018
| Host         : PieterBerteloot running 64-bit major release  (build 9200)
| Command      : upgrade_ip
| Device       : xc7z020clg400-1
------------------------------------------------------------------------------------

Upgrade Log for IP 'system_filter_0_0'

1. Summary
----------

SUCCESS in the upgrade of system_filter_0_0 (xilinx.com:hls:filter:1.0) from (Rev. 1805152147) to (Rev. 1805152349)






Copyright 1986-2016 Xilinx, Inc. All Rights Reserved.
------------------------------------------------------------------------------------
| Tool Version : Vivado v.2016.2 (win64) Build 1577090 Thu Jun  2 16:32:40 MDT 2016
| Date         : Tue May 15 22:59:43 2018
| Host         : PieterBerteloot running 64-bit major release  (build 9200)
| Command      : upgrade_ip
| Device       : xc7z020clg400-1
------------------------------------------------------------------------------------

Upgrade Log for IP 'system_filter_0_0'

1. Summary
----------

CAUTION (success, with warnings) in the upgrade of system_filter_0_0 (xilinx.com:hls:filter:1.0) from (Rev. 1805151914) to (Rev. 1805152147)

After upgrade, an IP may have parameter and port differences compared to the original customization. Please review the parameters within the IP customization GUI to ensure proper functionality. Also, please review the updated IP instantiation template to ensure proper connectivity, and update your design if required.

2. Interface Information
------------------------

Detected external interface differences while upgrading 'system_filter_0_0'.


-Upgrade has added interface 's_axi_AXILiteS' (xilinx.com:interface:aximm:1.0)


3. Connection Warnings
----------------------

Detected external port differences while upgrading 'system_filter_0_0'. These changes may impact your design.


-Upgrade has added port 's_axi_AXILiteS_ARADDR'

-Upgrade has added port 's_axi_AXILiteS_ARREADY'

-Upgrade has added port 's_axi_AXILiteS_ARVALID'

-Upgrade has added port 's_axi_AXILiteS_AWADDR'

-Upgrade has added port 's_axi_AXILiteS_AWREADY'

-Upgrade has added port 's_axi_AXILiteS_AWVALID'

-Upgrade has added port 's_axi_AXILiteS_BREADY'

-Upgrade has added port 's_axi_AXILiteS_BRESP'

-Upgrade has added port 's_axi_AXILiteS_BVALID'

-Upgrade has added port 's_axi_AXILiteS_RDATA'

-Upgrade has added port 's_axi_AXILiteS_RREADY'

-Upgrade has added port 's_axi_AXILiteS_RRESP'

-Upgrade has added port 's_axi_AXILiteS_RVALID'

-Upgrade has added port 's_axi_AXILiteS_WDATA'

-Upgrade has added port 's_axi_AXILiteS_WREADY'

-Upgrade has added port 's_axi_AXILiteS_WSTRB'

-Upgrade has added port 's_axi_AXILiteS_WVALID'







Copyright 1986-2016 Xilinx, Inc. All Rights Reserved.
------------------------------------------------------------------------------------
| Tool Version : Vivado v.2016.2 (win64) Build 1577090 Thu Jun  2 16:32:40 MDT 2016
| Date         : Tue May 15 19:17:31 2018
| Host         : PieterBerteloot running 64-bit major release  (build 9200)
| Command      : upgrade_ip
| Device       : xc7z020clg400-1
------------------------------------------------------------------------------------

Upgrade Log for IP 'system_filter_0_0'

1. Summary
----------

SUCCESS in the upgrade of system_filter_0_0 (xilinx.com:hls:filter:1.0) from (Rev. 1805151751) to (Rev. 1805151914)






Copyright 1986-2016 Xilinx, Inc. All Rights Reserved.
------------------------------------------------------------------------------------
| Tool Version : Vivado v.2016.2 (win64) Build 1577090 Thu Jun  2 16:32:40 MDT 2016
| Date         : Tue May 15 17:56:37 2018
| Host         : PieterBerteloot running 64-bit major release  (build 9200)
| Command      : upgrade_ip
| Device       : xc7z020clg400-1
------------------------------------------------------------------------------------

Upgrade Log for IP 'system_filter_0_0'

1. Summary
----------

SUCCESS in the upgrade of system_filter_0_0 (xilinx.com:hls:filter:1.0) from (Rev. 1805151606) to (Rev. 1805151751)






Copyright 1986-2016 Xilinx, Inc. All Rights Reserved.
------------------------------------------------------------------------------------
| Tool Version : Vivado v.2016.2 (win64) Build 1577090 Thu Jun  2 16:32:40 MDT 2016
| Date         : Tue May 15 16:11:14 2018
| Host         : PieterBerteloot running 64-bit major release  (build 9200)
| Command      : upgrade_ip
| Device       : xc7z020clg400-1
------------------------------------------------------------------------------------

Upgrade Log for IP 'system_filter_0_0'

1. Summary
----------

SUCCESS in the upgrade of system_filter_0_0 (xilinx.com:hls:filter:1.0) from (Rev. 1805151531) to (Rev. 1805151606)






Copyright 1986-2016 Xilinx, Inc. All Rights Reserved.
------------------------------------------------------------------------------------
| Tool Version : Vivado v.2016.2 (win64) Build 1577090 Thu Jun  2 16:32:40 MDT 2016
| Date         : Tue May 15 15:33:55 2018
| Host         : PieterBerteloot running 64-bit major release  (build 9200)
| Command      : upgrade_ip
| Device       : xc7z020clg400-1
------------------------------------------------------------------------------------

Upgrade Log for IP 'system_filter_0_0'

1. Summary
----------

SUCCESS in the upgrade of system_filter_0_0 (xilinx.com:hls:filter:1.0) from (Rev. 1805151431) to (Rev. 1805151531)






Copyright 1986-2016 Xilinx, Inc. All Rights Reserved.
------------------------------------------------------------------------------------
| Tool Version : Vivado v.2016.2 (win64) Build 1577090 Thu Jun  2 16:32:40 MDT 2016
| Date         : Tue May 15 14:36:10 2018
| Host         : PieterBerteloot running 64-bit major release  (build 9200)
| Command      : upgrade_ip
| Device       : xc7z020clg400-1
------------------------------------------------------------------------------------

Upgrade Log for IP 'system_filter_0_0'

1. Summary
----------

SUCCESS in the upgrade of system_filter_0_0 (xilinx.com:hls:filter:1.0) from (Rev. 1805151354) to (Rev. 1805151431)






Copyright 1986-2016 Xilinx, Inc. All Rights Reserved.
------------------------------------------------------------------------------------
| Tool Version : Vivado v.2016.2 (win64) Build 1577090 Thu Jun  2 16:32:40 MDT 2016
| Date         : Tue May 15 13:57:14 2018
| Host         : PieterBerteloot running 64-bit major release  (build 9200)
| Command      : upgrade_ip
| Device       : xc7z020clg400-1
------------------------------------------------------------------------------------

Upgrade Log for IP 'system_filter_0_0'

1. Summary
----------

CAUTION (success, with warnings) in the upgrade of system_filter_0_0 (xilinx.com:hls:filter:1.0) from (Rev. 1805151347) to (Rev. 1805151354)

After upgrade, an IP may have parameter and port differences compared to the original customization. Please review the parameters within the IP customization GUI to ensure proper functionality. Also, please review the updated IP instantiation template to ensure proper connectivity, and update your design if required.

2. Interface Information
------------------------

Detected external interface differences while upgrading 'system_filter_0_0'.


-Upgrade has removed interface 's_axi_control'


3. Connection Warnings
----------------------

Detected external port differences while upgrading 'system_filter_0_0'. These changes may impact your design.


-Upgrade has removed port 's_axi_control_ARADDR'

-Upgrade has removed port 's_axi_control_ARREADY'

-Upgrade has removed port 's_axi_control_ARVALID'

-Upgrade has removed port 's_axi_control_AWADDR'

-Upgrade has removed port 's_axi_control_AWREADY'

-Upgrade has removed port 's_axi_control_AWVALID'

-Upgrade has removed port 's_axi_control_BREADY'

-Upgrade has removed port 's_axi_control_BRESP'

-Upgrade has removed port 's_axi_control_BVALID'

-Upgrade has removed port 's_axi_control_RDATA'

-Upgrade has removed port 's_axi_control_RREADY'

-Upgrade has removed port 's_axi_control_RRESP'

-Upgrade has removed port 's_axi_control_RVALID'

-Upgrade has removed port 's_axi_control_WDATA'

-Upgrade has removed port 's_axi_control_WREADY'

-Upgrade has removed port 's_axi_control_WSTRB'

-Upgrade has removed port 's_axi_control_WVALID'







Copyright 1986-2016 Xilinx, Inc. All Rights Reserved.
------------------------------------------------------------------------------------
| Tool Version : Vivado v.2016.2 (win64) Build 1577090 Thu Jun  2 16:32:40 MDT 2016
| Date         : Tue May 15 13:51:38 2018
| Host         : PieterBerteloot running 64-bit major release  (build 9200)
| Command      : upgrade_ip
| Device       : xc7z020clg400-1
------------------------------------------------------------------------------------

Upgrade Log for IP 'system_filter_0_0'

1. Summary
----------

CAUTION (success, with warnings) in the upgrade of system_filter_0_0 (xilinx.com:hls:filter:1.0) from (Rev. 1805151300) to (Rev. 1805151347)

After upgrade, an IP may have parameter and port differences compared to the original customization. Please review the parameters within the IP customization GUI to ensure proper functionality. Also, please review the updated IP instantiation template to ensure proper connectivity, and update your design if required.

2. Interface Information
------------------------

Detected external interface differences while upgrading 'system_filter_0_0'.


-Upgrade has added interface 's_axi_control' (xilinx.com:interface:aximm:1.0)


3. Connection Warnings
----------------------

Detected external port differences while upgrading 'system_filter_0_0'. These changes may impact your design.


-Upgrade has added port 's_axi_control_ARADDR'

-Upgrade has added port 's_axi_control_ARREADY'

-Upgrade has added port 's_axi_control_ARVALID'

-Upgrade has added port 's_axi_control_AWADDR'

-Upgrade has added port 's_axi_control_AWREADY'

-Upgrade has added port 's_axi_control_AWVALID'

-Upgrade has added port 's_axi_control_BREADY'

-Upgrade has added port 's_axi_control_BRESP'

-Upgrade has added port 's_axi_control_BVALID'

-Upgrade has added port 's_axi_control_RDATA'

-Upgrade has added port 's_axi_control_RREADY'

-Upgrade has added port 's_axi_control_RRESP'

-Upgrade has added port 's_axi_control_RVALID'

-Upgrade has added port 's_axi_control_WDATA'

-Upgrade has added port 's_axi_control_WREADY'

-Upgrade has added port 's_axi_control_WSTRB'

-Upgrade has added port 's_axi_control_WVALID'







Copyright 1986-2016 Xilinx, Inc. All Rights Reserved.
------------------------------------------------------------------------------------
| Tool Version : Vivado v.2016.2 (win64) Build 1577090 Thu Jun  2 16:32:40 MDT 2016
| Date         : Tue May 15 13:02:46 2018
| Host         : PieterBerteloot running 64-bit major release  (build 9200)
| Command      : upgrade_ip
| Device       : xc7z020clg400-1
------------------------------------------------------------------------------------

Upgrade Log for IP 'system_filter_0_0'

1. Summary
----------

SUCCESS in the upgrade of system_filter_0_0 (xilinx.com:hls:filter:1.0) from (Rev. 1805151155) to (Rev. 1805151300)






Copyright 1986-2016 Xilinx, Inc. All Rights Reserved.
------------------------------------------------------------------------------------
| Tool Version : Vivado v.2016.2 (win64) Build 1577090 Thu Jun  2 16:32:40 MDT 2016
| Date         : Tue May 15 11:59:16 2018
| Host         : PieterBerteloot running 64-bit major release  (build 9200)
| Command      : upgrade_ip
| Device       : xc7z020clg400-1
------------------------------------------------------------------------------------

Upgrade Log for IP 'system_filter_0_0'

1. Summary
----------

SUCCESS in the upgrade of system_filter_0_0 (xilinx.com:hls:filter:1.0) from (Rev. 1805150918) to (Rev. 1805151155)






Copyright 1986-2016 Xilinx, Inc. All Rights Reserved.
------------------------------------------------------------------------------------
| Tool Version : Vivado v.2016.2 (win64) Build 1577090 Thu Jun  2 16:32:40 MDT 2016
| Date         : Tue May 15 09:20:59 2018
| Host         : PieterBerteloot running 64-bit major release  (build 9200)
| Command      : upgrade_ip
| Device       : xc7z020clg400-1
------------------------------------------------------------------------------------

Upgrade Log for IP 'system_filter_0_0'

1. Summary
----------

SUCCESS in the upgrade of system_filter_0_0 (xilinx.com:hls:filter:1.0) from (Rev. 1805150855) to (Rev. 1805150918)






Copyright 1986-2016 Xilinx, Inc. All Rights Reserved.
------------------------------------------------------------------------------------
| Tool Version : Vivado v.2016.2 (win64) Build 1577090 Thu Jun  2 16:32:40 MDT 2016
| Date         : Tue May 15 09:02:58 2018
| Host         : PieterBerteloot running 64-bit major release  (build 9200)
| Command      : upgrade_ip
| Device       : xc7z020clg400-1
------------------------------------------------------------------------------------

Upgrade Log for IP 'system_filter_0_0'

1. Summary
----------

CAUTION (success, with warnings) in the upgrade of system_filter_0_0 (xilinx.com:hls:filter:1.0) from (Rev. 1805081542) to (Rev. 1805150855)

After upgrade, an IP may have parameter and port differences compared to the original customization. Please review the parameters within the IP customization GUI to ensure proper functionality. Also, please review the updated IP instantiation template to ensure proper connectivity, and update your design if required.

2. Interface Information
------------------------

Detected external interface differences while upgrading 'system_filter_0_0'.


-Upgrade has removed interface 's_axi_control'


3. Connection Warnings
----------------------

Detected external port differences while upgrading 'system_filter_0_0'. These changes may impact your design.


-Upgrade has removed port 's_axi_control_ARADDR'

-Upgrade has removed port 's_axi_control_ARREADY'

-Upgrade has removed port 's_axi_control_ARVALID'

-Upgrade has removed port 's_axi_control_AWADDR'

-Upgrade has removed port 's_axi_control_AWREADY'

-Upgrade has removed port 's_axi_control_AWVALID'

-Upgrade has removed port 's_axi_control_BREADY'

-Upgrade has removed port 's_axi_control_BRESP'

-Upgrade has removed port 's_axi_control_BVALID'

-Upgrade has removed port 's_axi_control_RDATA'

-Upgrade has removed port 's_axi_control_RREADY'

-Upgrade has removed port 's_axi_control_RRESP'

-Upgrade has removed port 's_axi_control_RVALID'

-Upgrade has removed port 's_axi_control_WDATA'

-Upgrade has removed port 's_axi_control_WREADY'

-Upgrade has removed port 's_axi_control_WSTRB'

-Upgrade has removed port 's_axi_control_WVALID'







Copyright 1986-2016 Xilinx, Inc. All Rights Reserved.
------------------------------------------------------------------------------------
| Tool Version : Vivado v.2016.2 (win64) Build 1577090 Thu Jun  2 16:32:40 MDT 2016
| Date         : Tue May 08 15:46:08 2018
| Host         : PieterBerteloot running 64-bit major release  (build 9200)
| Command      : upgrade_ip
| Device       : xc7z020clg400-1
------------------------------------------------------------------------------------

Upgrade Log for IP 'system_filter_0_0'

1. Summary
----------

SUCCESS in the upgrade of system_filter_0_0 (xilinx.com:hls:filter:1.0) from (Rev. 1805081335) to (Rev. 1805081542)






Copyright 1986-2016 Xilinx, Inc. All Rights Reserved.
------------------------------------------------------------------------------------
| Tool Version : Vivado v.2016.2 (win64) Build 1577090 Thu Jun  2 16:32:40 MDT 2016
| Date         : Tue May 08 13:40:24 2018
| Host         : PieterBerteloot running 64-bit major release  (build 9200)
| Command      : upgrade_ip
| Device       : xc7z020clg400-1
------------------------------------------------------------------------------------

Upgrade Log for IP 'system_filter_0_0'

1. Summary
----------

CAUTION (success, with warnings) in the upgrade of system_filter_0_0 (xilinx.com:hls:filter:1.0) from (Rev. 1805080926) to (Rev. 1805081335)

After upgrade, an IP may have parameter and port differences compared to the original customization. Please review the parameters within the IP customization GUI to ensure proper functionality. Also, please review the updated IP instantiation template to ensure proper connectivity, and update your design if required.

2. Interface Information
------------------------

Detected external interface differences while upgrading 'system_filter_0_0'.


-Upgrade has added interface 's_axi_control' (xilinx.com:interface:aximm:1.0)


3. Connection Warnings
----------------------

Detected external port differences while upgrading 'system_filter_0_0'. These changes may impact your design.


-Upgrade has added port 's_axi_control_ARADDR'

-Upgrade has added port 's_axi_control_ARREADY'

-Upgrade has added port 's_axi_control_ARVALID'

-Upgrade has added port 's_axi_control_AWADDR'

-Upgrade has added port 's_axi_control_AWREADY'

-Upgrade has added port 's_axi_control_AWVALID'

-Upgrade has added port 's_axi_control_BREADY'

-Upgrade has added port 's_axi_control_BRESP'

-Upgrade has added port 's_axi_control_BVALID'

-Upgrade has added port 's_axi_control_RDATA'

-Upgrade has added port 's_axi_control_RREADY'

-Upgrade has added port 's_axi_control_RRESP'

-Upgrade has added port 's_axi_control_RVALID'

-Upgrade has added port 's_axi_control_WDATA'

-Upgrade has added port 's_axi_control_WREADY'

-Upgrade has added port 's_axi_control_WSTRB'

-Upgrade has added port 's_axi_control_WVALID'







Copyright 1986-2016 Xilinx, Inc. All Rights Reserved.
------------------------------------------------------------------------------------
| Tool Version : Vivado v.2016.2 (win64) Build 1577090 Thu Jun  2 16:32:40 MDT 2016
| Date         : Tue May 08 09:29:04 2018
| Host         : PieterBerteloot running 64-bit major release  (build 9200)
| Command      : upgrade_ip
| Device       : xc7z020clg400-1
------------------------------------------------------------------------------------

Upgrade Log for IP 'system_filter_0_0'

1. Summary
----------

SUCCESS in the upgrade of system_filter_0_0 (xilinx.com:hls:filter:1.0) from (Rev. 1805061119) to (Rev. 1805080905)






Copyright 1986-2016 Xilinx, Inc. All Rights Reserved.
------------------------------------------------------------------------------------
| Tool Version : Vivado v.2016.2 (win64) Build 1577090 Thu Jun  2 16:32:40 MDT 2016
| Date         : Tue May 08 09:20:34 2018
| Host         : PieterBerteloot running 64-bit major release  (build 9200)
| Command      : upgrade_ip
| Device       : xc7z020clg400-1
------------------------------------------------------------------------------------

Upgrade Log for IP 'system_filter_0_0'

1. Summary
----------

SUCCESS in the upgrade of system_filter_0_0 (xilinx.com:hls:filter:1.0) from (Rev. 1805051727) to (Rev. 1805061119)






Copyright 1986-2016 Xilinx, Inc. All Rights Reserved.
------------------------------------------------------------------------------------
| Tool Version : Vivado v.2016.2 (win64) Build 1577090 Thu Jun  2 16:32:40 MDT 2016
| Date         : Sat May 05 17:33:00 2018
| Host         : PieterBerteloot running 64-bit major release  (build 9200)
| Command      : upgrade_ip
| Device       : xc7z020clg400-1
------------------------------------------------------------------------------------

Upgrade Log for IP 'system_filter_0_0'

1. Summary
----------

SUCCESS in the upgrade of system_filter_0_0 (xilinx.com:hls:filter:1.0) from (Rev. 1805051523) to (Rev. 1805051727)






Copyright 1986-2016 Xilinx, Inc. All Rights Reserved.
------------------------------------------------------------------------------------
| Tool Version : Vivado v.2016.2 (win64) Build 1577090 Thu Jun  2 16:32:40 MDT 2016
| Date         : Sat May 05 15:31:22 2018
| Host         : PieterBerteloot running 64-bit major release  (build 9200)
| Command      : upgrade_ip
| Device       : xc7z020clg400-1
------------------------------------------------------------------------------------

Upgrade Log for IP 'system_filter_0_0'

1. Summary
----------

SUCCESS in the upgrade of system_filter_0_0 (xilinx.com:hls:filter:1.0) from (Rev. 1805051349) to (Rev. 1805051523)






Copyright 1986-2016 Xilinx, Inc. All Rights Reserved.
------------------------------------------------------------------------------------
| Tool Version : Vivado v.2016.2 (win64) Build 1577090 Thu Jun  2 16:32:40 MDT 2016
| Date         : Sat May 05 13:58:26 2018
| Host         : PieterBerteloot running 64-bit major release  (build 9200)
| Command      : upgrade_ip
| Device       : xc7z020clg400-1
------------------------------------------------------------------------------------

Upgrade Log for IP 'system_filter_0_0'

1. Summary
----------

SUCCESS in the upgrade of system_filter_0_0 (xilinx.com:hls:filter:1.0) from (Rev. 1805051253) to (Rev. 1805051349)






Copyright 1986-2016 Xilinx, Inc. All Rights Reserved.
------------------------------------------------------------------------------------
| Tool Version : Vivado v.2016.2 (win64) Build 1577090 Thu Jun  2 16:32:40 MDT 2016
| Date         : Sat May 05 13:06:20 2018
| Host         : PieterBerteloot running 64-bit major release  (build 9200)
| Command      : upgrade_ip
| Device       : xc7z020clg400-1
------------------------------------------------------------------------------------

Upgrade Log for IP 'system_filter_0_0'

1. Summary
----------

SUCCESS in the upgrade of system_filter_0_0 (xilinx.com:hls:filter:1.0) from (Rev. 1805051100) to (Rev. 1805051253)






Copyright 1986-2016 Xilinx, Inc. All Rights Reserved.
------------------------------------------------------------------------------------
| Tool Version : Vivado v.2016.2 (win64) Build 1577090 Thu Jun  2 16:32:40 MDT 2016
| Date         : Sat May 05 11:12:22 2018
| Host         : PieterBerteloot running 64-bit major release  (build 9200)
| Command      : upgrade_ip
| Device       : xc7z020clg400-1
------------------------------------------------------------------------------------

Upgrade Log for IP 'system_filter_0_0'

1. Summary
----------

SUCCESS in the upgrade of system_filter_0_0 (xilinx.com:hls:filter:1.0) from (Rev. 1805050939) to (Rev. 1805051100)






Copyright 1986-2016 Xilinx, Inc. All Rights Reserved.
------------------------------------------------------------------------------------
| Tool Version : Vivado v.2016.2 (win64) Build 1577090 Thu Jun  2 16:32:40 MDT 2016
| Date         : Sat May 05 09:49:54 2018
| Host         : PieterBerteloot running 64-bit major release  (build 9200)
| Command      : upgrade_ip
| Device       : xc7z020clg400-1
------------------------------------------------------------------------------------

Upgrade Log for IP 'system_filter_0_0'

1. Summary
----------

SUCCESS in the upgrade of system_filter_0_0 (xilinx.com:hls:filter:1.0) from (Rev. 1805050140) to (Rev. 1805050939)






Copyright 1986-2016 Xilinx, Inc. All Rights Reserved.
------------------------------------------------------------------------------------
| Tool Version : Vivado v.2016.2 (win64) Build 1577090 Thu Jun  2 16:32:40 MDT 2016
| Date         : Sat May 05 01:46:00 2018
| Host         : PieterBerteloot running 64-bit major release  (build 9200)
| Command      : upgrade_ip
| Device       : xc7z020clg400-1
------------------------------------------------------------------------------------

Upgrade Log for IP 'system_filter_0_0'

1. Summary
----------

SUCCESS in the upgrade of system_filter_0_0 (xilinx.com:hls:filter:1.0) from (Rev. 1805050016) to (Rev. 1805050140)






Copyright 1986-2016 Xilinx, Inc. All Rights Reserved.
------------------------------------------------------------------------------------
| Tool Version : Vivado v.2016.2 (win64) Build 1577090 Thu Jun  2 16:32:40 MDT 2016
| Date         : Sat May 05 00:18:35 2018
| Host         : PieterBerteloot running 64-bit major release  (build 9200)
| Command      : upgrade_ip
| Device       : xc7z020clg400-1
------------------------------------------------------------------------------------

Upgrade Log for IP 'system_filter_0_0'

1. Summary
----------

SUCCESS in the upgrade of system_filter_0_0 (xilinx.com:hls:filter:1.0) from (Rev. 1805042346) to (Rev. 1805050016)






Copyright 1986-2016 Xilinx, Inc. All Rights Reserved.
------------------------------------------------------------------------------------
| Tool Version : Vivado v.2016.2 (win64) Build 1577090 Thu Jun  2 16:32:40 MDT 2016
| Date         : Fri May 04 23:47:44 2018
| Host         : PieterBerteloot running 64-bit major release  (build 9200)
| Command      : upgrade_ip
| Device       : xc7z020clg400-1
------------------------------------------------------------------------------------

Upgrade Log for IP 'system_filter_0_0'

1. Summary
----------

SUCCESS in the upgrade of system_filter_0_0 (xilinx.com:hls:filter:1.0) from (Rev. 1805042257) to (Rev. 1805042346)






Copyright 1986-2016 Xilinx, Inc. All Rights Reserved.
------------------------------------------------------------------------------------
| Tool Version : Vivado v.2016.2 (win64) Build 1577090 Thu Jun  2 16:32:40 MDT 2016
| Date         : Fri May 04 23:08:08 2018
| Host         : PieterBerteloot running 64-bit major release  (build 9200)
| Command      : upgrade_ip
| Device       : xc7z020clg400-1
------------------------------------------------------------------------------------

Upgrade Log for IP 'system_filter_0_0'

1. Summary
----------

SUCCESS in the upgrade of system_filter_0_0 (xilinx.com:hls:filter:1.0) from (Rev. 1805042204) to (Rev. 1805042257)






Copyright 1986-2016 Xilinx, Inc. All Rights Reserved.
------------------------------------------------------------------------------------
| Tool Version : Vivado v.2016.2 (win64) Build 1577090 Thu Jun  2 16:32:40 MDT 2016
| Date         : Fri May 04 22:06:07 2018
| Host         : PieterBerteloot running 64-bit major release  (build 9200)
| Command      : upgrade_ip
| Device       : xc7z020clg400-1
------------------------------------------------------------------------------------

Upgrade Log for IP 'system_filter_0_0'

1. Summary
----------

SUCCESS in the upgrade of system_filter_0_0 (xilinx.com:hls:filter:1.0) from (Rev. 1805042053) to (Rev. 1805042204)






Copyright 1986-2016 Xilinx, Inc. All Rights Reserved.
------------------------------------------------------------------------------------
| Tool Version : Vivado v.2016.2 (win64) Build 1577090 Thu Jun  2 16:32:40 MDT 2016
| Date         : Fri May 04 21:03:02 2018
| Host         : PieterBerteloot running 64-bit major release  (build 9200)
| Command      : upgrade_ip
| Device       : xc7z020clg400-1
------------------------------------------------------------------------------------

Upgrade Log for IP 'system_filter_0_0'

1. Summary
----------

SUCCESS in the upgrade of system_filter_0_0 (xilinx.com:hls:filter:1.0) from (Rev. 1805041939) to (Rev. 1805042053)






Copyright 1986-2016 Xilinx, Inc. All Rights Reserved.
------------------------------------------------------------------------------------
| Tool Version : Vivado v.2016.2 (win64) Build 1577090 Thu Jun  2 16:32:40 MDT 2016
| Date         : Fri May 04 19:46:15 2018
| Host         : PieterBerteloot running 64-bit major release  (build 9200)
| Command      : upgrade_ip
| Device       : xc7z020clg400-1
------------------------------------------------------------------------------------

Upgrade Log for IP 'system_filter_0_0'

1. Summary
----------

SUCCESS in the upgrade of system_filter_0_0 (xilinx.com:hls:filter:1.0) from (Rev. 1805041711) to (Rev. 1805041939)






Copyright 1986-2016 Xilinx, Inc. All Rights Reserved.
------------------------------------------------------------------------------------
| Tool Version : Vivado v.2016.2 (win64) Build 1577090 Thu Jun  2 16:32:40 MDT 2016
| Date         : Fri May 04 17:14:03 2018
| Host         : PieterBerteloot running 64-bit major release  (build 9200)
| Command      : upgrade_ip
| Device       : xc7z020clg400-1
------------------------------------------------------------------------------------

Upgrade Log for IP 'system_filter_0_0'

1. Summary
----------

SUCCESS in the upgrade of system_filter_0_0 (xilinx.com:hls:filter:1.0) from (Rev. 1805041618) to (Rev. 1805041711)






Copyright 1986-2016 Xilinx, Inc. All Rights Reserved.
------------------------------------------------------------------------------------
| Tool Version : Vivado v.2016.2 (win64) Build 1577090 Thu Jun  2 16:32:40 MDT 2016
| Date         : Fri May 04 16:34:36 2018
| Host         : PieterBerteloot running 64-bit major release  (build 9200)
| Command      : upgrade_ip
| Device       : xc7z020clg400-1
------------------------------------------------------------------------------------

Upgrade Log for IP 'system_filter_0_0'

1. Summary
----------

SUCCESS in the upgrade of system_filter_0_0 (xilinx.com:hls:filter:1.0) from (Rev. 1805040118) to (Rev. 1805041618)






Copyright 1986-2016 Xilinx, Inc. All Rights Reserved.
------------------------------------------------------------------------------------
| Tool Version : Vivado v.2016.2 (win64) Build 1577090 Thu Jun  2 16:32:40 MDT 2016
| Date         : Fri May 04 01:20:29 2018
| Host         : PieterBerteloot running 64-bit major release  (build 9200)
| Command      : upgrade_ip
| Device       : xc7z020clg400-1
------------------------------------------------------------------------------------

Upgrade Log for IP 'system_filter_0_0'

1. Summary
----------

SUCCESS in the upgrade of system_filter_0_0 (xilinx.com:hls:filter:1.0) from (Rev. 1805040047) to (Rev. 1805040118)






Copyright 1986-2016 Xilinx, Inc. All Rights Reserved.
------------------------------------------------------------------------------------
| Tool Version : Vivado v.2016.2 (win64) Build 1577090 Thu Jun  2 16:32:40 MDT 2016
| Date         : Fri May 04 00:51:27 2018
| Host         : PieterBerteloot running 64-bit major release  (build 9200)
| Command      : upgrade_ip
| Device       : xc7z020clg400-1
------------------------------------------------------------------------------------

Upgrade Log for IP 'system_filter_0_0'

1. Summary
----------

SUCCESS in the upgrade of system_filter_0_0 (xilinx.com:hls:filter:1.0) from (Rev. 1805032318) to (Rev. 1805040047)






Copyright 1986-2016 Xilinx, Inc. All Rights Reserved.
------------------------------------------------------------------------------------
| Tool Version : Vivado v.2016.2 (win64) Build 1577090 Thu Jun  2 16:32:40 MDT 2016
| Date         : Thu May 03 23:20:59 2018
| Host         : PieterBerteloot running 64-bit major release  (build 9200)
| Command      : upgrade_ip
| Device       : xc7z020clg400-1
------------------------------------------------------------------------------------

Upgrade Log for IP 'system_filter_0_0'

1. Summary
----------

SUCCESS in the upgrade of system_filter_0_0 (xilinx.com:hls:filter:1.0) from (Rev. 1805032156) to (Rev. 1805032318)






Copyright 1986-2016 Xilinx, Inc. All Rights Reserved.
------------------------------------------------------------------------------------
| Tool Version : Vivado v.2016.2 (win64) Build 1577090 Thu Jun  2 16:32:40 MDT 2016
| Date         : Thu May 03 21:58:09 2018
| Host         : PieterBerteloot running 64-bit major release  (build 9200)
| Command      : upgrade_ip
| Device       : xc7z020clg400-1
------------------------------------------------------------------------------------

Upgrade Log for IP 'system_filter_0_0'

1. Summary
----------

SUCCESS in the upgrade of system_filter_0_0 (xilinx.com:hls:filter:1.0) from (Rev. 1805032057) to (Rev. 1805032156)






Copyright 1986-2016 Xilinx, Inc. All Rights Reserved.
------------------------------------------------------------------------------------
| Tool Version : Vivado v.2016.2 (win64) Build 1577090 Thu Jun  2 16:32:40 MDT 2016
| Date         : Thu May 03 20:58:35 2018
| Host         : PieterBerteloot running 64-bit major release  (build 9200)
| Command      : upgrade_ip
| Device       : xc7z020clg400-1
------------------------------------------------------------------------------------

Upgrade Log for IP 'system_filter_0_0'

1. Summary
----------

SUCCESS in the upgrade of system_filter_0_0 (xilinx.com:hls:filter:1.0) from (Rev. 1805032006) to (Rev. 1805032057)






Copyright 1986-2016 Xilinx, Inc. All Rights Reserved.
------------------------------------------------------------------------------------
| Tool Version : Vivado v.2016.2 (win64) Build 1577090 Thu Jun  2 16:32:40 MDT 2016
| Date         : Thu May 03 20:16:21 2018
| Host         : PieterBerteloot running 64-bit major release  (build 9200)
| Command      : upgrade_ip
| Device       : xc7z020clg400-1
------------------------------------------------------------------------------------

Upgrade Log for IP 'system_filter_0_0'

1. Summary
----------

SUCCESS in the upgrade of system_filter_0_0 (xilinx.com:hls:filter:1.0) from (Rev. 1805031934) to (Rev. 1805032006)






Copyright 1986-2016 Xilinx, Inc. All Rights Reserved.
------------------------------------------------------------------------------------
| Tool Version : Vivado v.2016.2 (win64) Build 1577090 Thu Jun  2 16:32:40 MDT 2016
| Date         : Thu May 03 19:41:01 2018
| Host         : PieterBerteloot running 64-bit major release  (build 9200)
| Command      : upgrade_ip
| Device       : xc7z020clg400-1
------------------------------------------------------------------------------------

Upgrade Log for IP 'system_filter_0_0'

1. Summary
----------

SUCCESS in the upgrade of system_filter_0_0 (xilinx.com:hls:filter:1.0) from (Rev. 1805030000) to (Rev. 1805031934)






Copyright 1986-2016 Xilinx, Inc. All Rights Reserved.
------------------------------------------------------------------------------------
| Tool Version : Vivado v.2016.2 (win64) Build 1577090 Thu Jun  2 16:32:40 MDT 2016
| Date         : Thu May 03 00:01:43 2018
| Host         : PieterBerteloot running 64-bit major release  (build 9200)
| Command      : upgrade_ip
| Device       : xc7z020clg400-1
------------------------------------------------------------------------------------

Upgrade Log for IP 'system_filter_0_0'

1. Summary
----------

SUCCESS in the upgrade of system_filter_0_0 (xilinx.com:hls:filter:1.0) from (Rev. 1805022227) to (Rev. 1805030000)






Copyright 1986-2016 Xilinx, Inc. All Rights Reserved.
------------------------------------------------------------------------------------
| Tool Version : Vivado v.2016.2 (win64) Build 1577090 Thu Jun  2 16:32:40 MDT 2016
| Date         : Wed May 02 22:32:44 2018
| Host         : PieterBerteloot running 64-bit major release  (build 9200)
| Command      : upgrade_ip
| Device       : xc7z020clg400-1
------------------------------------------------------------------------------------

Upgrade Log for IP 'system_filter_0_0'

1. Summary
----------

SUCCESS in the upgrade of system_filter_0_0 (xilinx.com:hls:filter:1.0) from (Rev. 1805022041) to (Rev. 1805022227)






Copyright 1986-2016 Xilinx, Inc. All Rights Reserved.
------------------------------------------------------------------------------------
| Tool Version : Vivado v.2016.2 (win64) Build 1577090 Thu Jun  2 16:32:40 MDT 2016
| Date         : Wed May 02 20:52:06 2018
| Host         : PieterBerteloot running 64-bit major release  (build 9200)
| Command      : upgrade_ip
| Device       : xc7z020clg400-1
------------------------------------------------------------------------------------

Upgrade Log for IP 'system_filter_0_0'

1. Summary
----------

SUCCESS in the upgrade of system_filter_0_0 (xilinx.com:hls:filter:1.0) from (Rev. 1805022001) to (Rev. 1805022041)






Copyright 1986-2016 Xilinx, Inc. All Rights Reserved.
------------------------------------------------------------------------------------
| Tool Version : Vivado v.2016.2 (win64) Build 1577090 Thu Jun  2 16:32:40 MDT 2016
| Date         : Wed May 02 20:04:59 2018
| Host         : PieterBerteloot running 64-bit major release  (build 9200)
| Command      : upgrade_ip
| Device       : xc7z020clg400-1
------------------------------------------------------------------------------------

Upgrade Log for IP 'system_filter_0_0'

1. Summary
----------

SUCCESS in the upgrade of system_filter_0_0 (xilinx.com:hls:filter:1.0) from (Rev. 1805021913) to (Rev. 1805022001)






Copyright 1986-2016 Xilinx, Inc. All Rights Reserved.
------------------------------------------------------------------------------------
| Tool Version : Vivado v.2016.2 (win64) Build 1577090 Thu Jun  2 16:32:40 MDT 2016
| Date         : Wed May 02 19:15:55 2018
| Host         : PieterBerteloot running 64-bit major release  (build 9200)
| Command      : upgrade_ip
| Device       : xc7z020clg400-1
------------------------------------------------------------------------------------

Upgrade Log for IP 'system_filter_0_0'

1. Summary
----------

SUCCESS in the upgrade of system_filter_0_0 (xilinx.com:hls:filter:1.0) from (Rev. 1805021834) to (Rev. 1805021913)






Copyright 1986-2016 Xilinx, Inc. All Rights Reserved.
------------------------------------------------------------------------------------
| Tool Version : Vivado v.2016.2 (win64) Build 1577090 Thu Jun  2 16:32:40 MDT 2016
| Date         : Wed May 02 18:35:46 2018
| Host         : PieterBerteloot running 64-bit major release  (build 9200)
| Command      : upgrade_ip
| Device       : xc7z020clg400-1
------------------------------------------------------------------------------------

Upgrade Log for IP 'system_filter_0_0'

1. Summary
----------

SUCCESS in the upgrade of system_filter_0_0 (xilinx.com:hls:filter:1.0) from (Rev. 1805021726) to (Rev. 1805021834)






Copyright 1986-2016 Xilinx, Inc. All Rights Reserved.
------------------------------------------------------------------------------------
| Tool Version : Vivado v.2016.2 (win64) Build 1577090 Thu Jun  2 16:32:40 MDT 2016
| Date         : Wed May 02 18:21:58 2018
| Host         : PieterBerteloot running 64-bit major release  (build 9200)
| Command      : upgrade_ip
| Device       : xc7z020clg400-1
------------------------------------------------------------------------------------

Upgrade Log for IP 'system_vtc_out_0'

1. Summary
----------

SUCCESS in the upgrade of system_vtc_out_0 (xilinx.com:ip:v_tc:6.1) from (Rev. 7) to (Rev. 8)






Copyright 1986-2016 Xilinx, Inc. All Rights Reserved.
------------------------------------------------------------------------------------
| Tool Version : Vivado v.2016.2 (win64) Build 1577090 Thu Jun  2 16:32:40 MDT 2016
| Date         : Wed May 02 18:21:58 2018
| Host         : PieterBerteloot running 64-bit major release  (build 9200)
| Command      : upgrade_ip
| Device       : xc7z020clg400-1
------------------------------------------------------------------------------------

Upgrade Log for IP 'system_vtc_in_0'

1. Summary
----------

SUCCESS in the upgrade of system_vtc_in_0 (xilinx.com:ip:v_tc:6.1) from (Rev. 7) to (Rev. 8)






Copyright 1986-2016 Xilinx, Inc. All Rights Reserved.
------------------------------------------------------------------------------------
| Tool Version : Vivado v.2016.2 (win64) Build 1577090 Thu Jun  2 16:32:40 MDT 2016
| Date         : Wed May 02 18:21:58 2018
| Host         : PieterBerteloot running 64-bit major release  (build 9200)
| Command      : upgrade_ip
| Device       : xc7z020clg400-1
------------------------------------------------------------------------------------

Upgrade Log for IP 'system_v_vid_in_axi4s_0_0'

1. Summary
----------

SUCCESS in the upgrade of system_v_vid_in_axi4s_0_0 (xilinx.com:ip:v_vid_in_axi4s:4.0) from (Rev. 2) to (Rev. 3)






Copyright 1986-2016 Xilinx, Inc. All Rights Reserved.
------------------------------------------------------------------------------------
| Tool Version : Vivado v.2016.2 (win64) Build 1577090 Thu Jun  2 16:32:40 MDT 2016
| Date         : Wed May 02 18:21:58 2018
| Host         : PieterBerteloot running 64-bit major release  (build 9200)
| Command      : upgrade_ip
| Device       : xc7z020clg400-1
------------------------------------------------------------------------------------

Upgrade Log for IP 'system_v_axi4s_vid_out_0_0'

1. Summary
----------

SUCCESS in the upgrade of system_v_axi4s_vid_out_0_0 (xilinx.com:ip:v_axi4s_vid_out:4.0) from (Rev. 2) to (Rev. 3)






Copyright 1986-2016 Xilinx, Inc. All Rights Reserved.
------------------------------------------------------------------------------------
| Tool Version : Vivado v.2016.2 (win64) Build 1577090 Thu Jun  2 16:32:40 MDT 2016
| Date         : Wed May 02 18:21:58 2018
| Host         : PieterBerteloot running 64-bit major release  (build 9200)
| Command      : upgrade_ip
| Device       : xc7z020clg400-1
------------------------------------------------------------------------------------

Upgrade Log for IP 'system_system_interrupts_0'

1. Summary
----------

SUCCESS in the upgrade of system_system_interrupts_0 (xilinx.com:ip:axi_intc:4.1) from (Rev. 6) to (Rev. 7)

2. Upgrade messages
-------------------

WARNING: upgrade cannot add parameter C_IRQ_CONNECTION with default value 0 : a parameter called C_IRQ_CONNECTION already exists in axi_intc_v4_1






Copyright 1986-2016 Xilinx, Inc. All Rights Reserved.
------------------------------------------------------------------------------------
| Tool Version : Vivado v.2016.2 (win64) Build 1577090 Thu Jun  2 16:32:40 MDT 2016
| Date         : Wed May 02 18:21:58 2018
| Host         : PieterBerteloot running 64-bit major release  (build 9200)
| Command      : upgrade_ip
| Device       : xc7z020clg400-1
------------------------------------------------------------------------------------

Upgrade Log for IP 'system_processing_system7_0_axi_periph_0'

1. Summary
----------

SUCCESS in the upgrade of system_processing_system7_0_axi_periph_0 (xilinx.com:ip:axi_interconnect:2.1) from (Rev. 9) to (Rev. 10)






Copyright 1986-2016 Xilinx, Inc. All Rights Reserved.
------------------------------------------------------------------------------------
| Tool Version : Vivado v.2016.2 (win64) Build 1577090 Thu Jun  2 16:32:40 MDT 2016
| Date         : Wed May 02 18:21:58 2018
| Host         : PieterBerteloot running 64-bit major release  (build 9200)
| Command      : upgrade_ip
| Device       : xc7z020clg400-1
------------------------------------------------------------------------------------

Upgrade Log for IP 'system_hdmi_out_hpd_video_0'

1. Summary
----------

SUCCESS in the upgrade of system_hdmi_out_hpd_video_0 (xilinx.com:ip:axi_gpio:2.0) from (Rev. 10) to (Rev. 11)






Copyright 1986-2016 Xilinx, Inc. All Rights Reserved.
------------------------------------------------------------------------------------
| Tool Version : Vivado v.2016.2 (win64) Build 1577090 Thu Jun  2 16:32:40 MDT 2016
| Date         : Wed May 02 18:21:58 2018
| Host         : PieterBerteloot running 64-bit major release  (build 9200)
| Command      : upgrade_ip
| Device       : xc7z020clg400-1
------------------------------------------------------------------------------------

Upgrade Log for IP 'system_axis_register_slice_0_1'

1. Summary
----------

SUCCESS in the upgrade of system_axis_register_slice_0_1 (xilinx.com:ip:axis_register_slice:1.1) from (Rev. 8) to (Rev. 9)






Copyright 1986-2016 Xilinx, Inc. All Rights Reserved.
------------------------------------------------------------------------------------
| Tool Version : Vivado v.2016.2 (win64) Build 1577090 Thu Jun  2 16:32:40 MDT 2016
| Date         : Wed May 02 18:21:58 2018
| Host         : PieterBerteloot running 64-bit major release  (build 9200)
| Command      : upgrade_ip
| Device       : xc7z020clg400-1
------------------------------------------------------------------------------------

Upgrade Log for IP 'system_axis_register_slice_0_0'

1. Summary
----------

SUCCESS in the upgrade of system_axis_register_slice_0_0 (xilinx.com:ip:axis_register_slice:1.1) from (Rev. 8) to (Rev. 9)






Copyright 1986-2016 Xilinx, Inc. All Rights Reserved.
------------------------------------------------------------------------------------
| Tool Version : Vivado v.2016.2 (win64) Build 1577090 Thu Jun  2 16:32:40 MDT 2016
| Date         : Wed May 02 18:21:58 2018
| Host         : PieterBerteloot running 64-bit major release  (build 9200)
| Command      : upgrade_ip
| Device       : xc7z020clg400-1
------------------------------------------------------------------------------------

Upgrade Log for IP 'system_axi_vdma_0'

1. Summary
----------

SUCCESS in the upgrade of system_axi_vdma_0 (xilinx.com:ip:axi_vdma:6.2) from (Rev. 7) to (Rev. 8)






Copyright 1986-2016 Xilinx, Inc. All Rights Reserved.
------------------------------------------------------------------------------------
| Tool Version : Vivado v.2016.2 (win64) Build 1577090 Thu Jun  2 16:32:40 MDT 2016
| Date         : Wed May 02 18:21:58 2018
| Host         : PieterBerteloot running 64-bit major release  (build 9200)
| Command      : upgrade_ip
| Device       : xc7z020clg400-1
------------------------------------------------------------------------------------

Upgrade Log for IP 'system_axi_mem_intercon_1'

1. Summary
----------

SUCCESS in the upgrade of system_axi_mem_intercon_1 (xilinx.com:ip:axi_interconnect:2.1) from (Rev. 9) to (Rev. 10)






Copyright 1986-2016 Xilinx, Inc. All Rights Reserved.
------------------------------------------------------------------------------------
| Tool Version : Vivado v.2016.2 (win64) Build 1577090 Thu Jun  2 16:32:40 MDT 2016
| Date         : Wed May 02 18:21:58 2018
| Host         : PieterBerteloot running 64-bit major release  (build 9200)
| Command      : upgrade_ip
| Device       : xc7z020clg400-1
------------------------------------------------------------------------------------

Upgrade Log for IP 'system_axi_interconnect_0_1'

1. Summary
----------

SUCCESS in the upgrade of system_axi_interconnect_0_1 (xilinx.com:ip:axi_interconnect:2.1) from (Rev. 9) to (Rev. 10)






Copyright 1986-2016 Xilinx, Inc. All Rights Reserved.
------------------------------------------------------------------------------------
| Tool Version : Vivado v.2016.2 (win64) Build 1577090 Thu Jun  2 16:32:40 MDT 2016
| Date         : Wed May 02 18:21:58 2018
| Host         : PieterBerteloot running 64-bit major release  (build 9200)
| Command      : upgrade_ip
| Device       : xc7z020clg400-1
------------------------------------------------------------------------------------

Upgrade Log for IP 'system_axi_gpio_hdmiin_0'

1. Summary
----------

SUCCESS in the upgrade of system_axi_gpio_hdmiin_0 (xilinx.com:ip:axi_gpio:2.0) from (Rev. 10) to (Rev. 11)

